<?xml version="1.0" encoding="UTF-8"?>
<!-- Generated by org.testng.reporters.JUnitReportReporter -->
<testsuite hostname="HIGURL71125" failures="0" tests="4" name="com.testing.webdriver.basics.WebDriverBasicLocatorTest" time="0.942" errors="0" timestamp="02 May 2020 11:22:42 GMT" skipped="0">
  <testcase classname="com.testing.webdriver.basics.WebDriverBasicLocatorTest" name="testGetInformationAboutPassword" time="0.236"/>
  <testcase classname="com.testing.webdriver.basics.WebDriverBasicLocatorTest" name="testGetInformationAboutSubmitButton" time="0.170"/>
  <testcase classname="com.testing.webdriver.basics.WebDriverBasicLocatorTest" name="testGetInformationAboutName" time="0.428"/>
  <testcase classname="com.testing.webdriver.basics.WebDriverBasicLocatorTest" name="testTitle" time="0.108"/>
</testsuite> <!-- com.testing.webdriver.basics.WebDriverBasicLocatorTest -->
