<?xml version="1.0" encoding="UTF-8"?>
<!-- Generated by org.testng.reporters.JUnitReportReporter -->
<testsuite hostname="HIGURL71125" failures="0" tests="1" name="com.testing.webdriver.login.FirstWebApplicationLoginTest" time="4.371" errors="0" timestamp="03 May 2020 04:47:29 GMT" skipped="0">
  <testcase classname="com.testing.webdriver.login.FirstWebApplicationLoginTest" name="login" time="4.371"/>
</testsuite> <!-- com.testing.webdriver.login.FirstWebApplicationLoginTest -->
