<?xml version="1.0" encoding="UTF-8"?>
<!-- Generated by org.testng.reporters.JUnitReportReporter -->
<testsuite hostname="HIGURL71125" failures="0" tests="1" name="com.testing.webdriver.basics.WebDriverBasicLocatorWithCSSSelectorTest" time="1.371" errors="0" timestamp="03 May 2020 09:20:06 GMT" skipped="0">
  <testcase classname="com.testing.webdriver.basics.WebDriverBasicLocatorWithCSSSelectorTest" name="testCssSelectorForSortingAndCheckingFirstRow" time="1.371"/>
</testsuite> <!-- com.testing.webdriver.basics.WebDriverBasicLocatorWithCSSSelectorTest -->
