<?xml version="1.0" encoding="UTF-8"?>
<!-- Generated by org.testng.reporters.JUnitReportReporter -->
<testsuite hostname="HIGURL71125" failures="0" tests="1" name="com.testing.webdriver.basics.FormElementSelectTest" time="26.232" errors="0" timestamp="04 May 2020 16:09:04 GMT" skipped="0">
  <testcase classname="com.testing.webdriver.basics.FormElementSelectTest" name="setValuesIntoMultiSelectBox" time="26.232"/>
</testsuite> <!-- com.testing.webdriver.basics.FormElementSelectTest -->
