<?xml version="1.0" encoding="UTF-8"?>
<!-- Generated by org.testng.reporters.JUnitReportReporter -->
<testsuite hostname="HIGURL71125" failures="0" tests="1" name="com.testing.webdriver.basics.WebDriverBasicLocatorWithXPathSelectorTest" time="1.882" errors="0" timestamp="03 May 2020 09:42:43 GMT" skipped="0">
  <testcase classname="com.testing.webdriver.basics.WebDriverBasicLocatorWithXPathSelectorTest" name="testXpathSelectorForSortingAndCheckingFirstRow" time="1.882"/>
</testsuite> <!-- com.testing.webdriver.basics.WebDriverBasicLocatorWithXPathSelectorTest -->
