<?xml version="1.0" encoding="UTF-8"?>
<!-- Generated by org.testng.reporters.JUnitReportReporter -->
<testsuite hostname="HIGURL71125" failures="0" tests="1" name="com.testing.webdriver.basics.WebDriverBasicLocatorWithIdTest" time="1.149" errors="0" timestamp="02 May 2020 16:48:58 GMT" skipped="0">
  <testcase classname="com.testing.webdriver.basics.WebDriverBasicLocatorWithIdTest" name="getDetailsAboutInputTags_FindAllElements" time="1.149"/>
</testsuite> <!-- com.testing.webdriver.basics.WebDriverBasicLocatorWithIdTest -->
