<?xml version="1.0" encoding="UTF-8"?>
<!-- Generated by org.testng.reporters.JUnitReportReporter -->
<testsuite hostname="HIGURL71125" failures="0" tests="1" name="com.testing.webdriver.basics.FormElementCheckBoxTest" time="7.290" errors="0" timestamp="03 May 2020 16:47:15 GMT" skipped="0">
  <testcase classname="com.testing.webdriver.basics.FormElementCheckBoxTest" name="unCheckACheckBox" time="7.290"/>
</testsuite> <!-- com.testing.webdriver.basics.FormElementCheckBoxTest -->
