<?xml version="1.0" encoding="UTF-8"?>
<!-- Generated by org.testng.reporters.JUnitReportReporter -->
<testsuite hostname="HIGURL71125" failures="0" tests="2" name="com.testing.selenium.crossbrowser.framework.CrossBrowserFrameworkTest" time="28.320" errors="0" timestamp="08 May 2020 02:20:04 GMT" skipped="0">
  <testcase classname="com.testing.selenium.crossbrowser.framework.CrossBrowserFrameworkTest" name="lunchTables" time="22.624"/>
  <testcase classname="com.testing.selenium.crossbrowser.framework.CrossBrowserFrameworkTest" name="lunchTables" time="5.696"/>
</testsuite> <!-- com.testing.selenium.crossbrowser.framework.CrossBrowserFrameworkTest -->
