<?xml version="1.0" encoding="UTF-8"?>
<!-- Generated by org.testng.reporters.JUnitReportReporter -->
<testsuite hostname="HIGURL71125" failures="0" tests="1" name="com.testing.selenium.crossbrowser.CrossBrowserBasicTest" time="3.188" errors="1" timestamp="07 May 2020 16:26:03 GMT" skipped="0">
  <testcase classname="com.testing.selenium.crossbrowser.CrossBrowserBasicTest" name="edgeBrowser" time="3.188">
    <error message="io.github.bonigarcia.wdm.WebDriverManagerException: MicrosoftWebDriver.exe should be installed in an elevated command prompt executing: dism /Online /Add-Capability /CapabilityName:Microsoft.WebDriver~~~~0.0.1.0" type="io.github.bonigarcia.wdm.WebDriverManagerException">
      <![CDATA[io.github.bonigarcia.wdm.WebDriverManagerException: io.github.bonigarcia.wdm.WebDriverManagerException: MicrosoftWebDriver.exe should be installed in an elevated command prompt executing: dism /Online /Add-Capability /CapabilityName:Microsoft.WebDriver~~~~0.0.1.0
at io.github.bonigarcia.wdm.WebDriverManager.handleException(WebDriverManager.java:689)
at io.github.bonigarcia.wdm.WebDriverManager.manage(WebDriverManager.java:521)
at io.github.bonigarcia.wdm.WebDriverManager.setup(WebDriverManager.java:251)
at com.testing.selenium.crossbrowser.CrossBrowserBasicTest.edgeBrowser(CrossBrowserBasicTest.java:51)
at java.base/jdk.internal.reflect.NativeMethodAccessorImpl.invoke0(Native Method)
at java.base/jdk.internal.reflect.NativeMethodAccessorImpl.invoke(NativeMethodAccessorImpl.java:62)
at java.base/jdk.internal.reflect.DelegatingMethodAccessorImpl.invoke(DelegatingMethodAccessorImpl.java:43)
at java.base/java.lang.reflect.Method.invoke(Method.java:564)
at org.testng.internal.MethodInvocationHelper.invokeMethod(MethodInvocationHelper.java:124)
at org.testng.internal.Invoker.invokeMethod(Invoker.java:583)
at org.testng.internal.Invoker.invokeTestMethod(Invoker.java:719)
at org.testng.internal.Invoker.invokeTestMethods(Invoker.java:989)
at org.testng.internal.TestMethodWorker.invokeTestMethods(TestMethodWorker.java:125)
at org.testng.internal.TestMethodWorker.run(TestMethodWorker.java:109)
at org.testng.TestRunner.privateRun(TestRunner.java:648)
at org.testng.TestRunner.run(TestRunner.java:505)
at org.testng.SuiteRunner.runTest(SuiteRunner.java:455)
at org.testng.SuiteRunner.runSequentially(SuiteRunner.java:450)
at org.testng.SuiteRunner.privateRun(SuiteRunner.java:415)
at org.testng.SuiteRunner.run(SuiteRunner.java:364)
at org.testng.SuiteRunnerWorker.runSuite(SuiteRunnerWorker.java:52)
at org.testng.SuiteRunnerWorker.run(SuiteRunnerWorker.java:84)
at org.testng.TestNG.runSuitesSequentially(TestNG.java:1208)
at org.testng.TestNG.runSuitesLocally(TestNG.java:1137)
at org.testng.TestNG.runSuites(TestNG.java:1049)
at org.testng.TestNG.run(TestNG.java:1017)
at org.testng.remote.AbstractRemoteTestNG.run(AbstractRemoteTestNG.java:115)
at org.testng.remote.RemoteTestNG.initAndRun(RemoteTestNG.java:251)
at org.testng.remote.RemoteTestNG.main(RemoteTestNG.java:77)
Caused by: io.github.bonigarcia.wdm.WebDriverManagerException: MicrosoftWebDriver.exe should be installed in an elevated command prompt executing: dism /Online /Add-Capability /CapabilityName:Microsoft.WebDriver~~~~0.0.1.0
at io.github.bonigarcia.wdm.WebDriverManager.checkInsiderVersion(WebDriverManager.java:573)
at io.github.bonigarcia.wdm.WebDriverManager.manage(WebDriverManager.java:480)
... 27 more
]]>
    </error>
  </testcase> <!-- edgeBrowser -->
</testsuite> <!-- com.testing.selenium.crossbrowser.CrossBrowserBasicTest -->
