<?xml version="1.0" encoding="UTF-8"?>
<!-- Generated by org.testng.reporters.JUnitReportReporter -->
<testsuite hostname="HIGURL71125" failures="0" tests="1" name="com.testing.webdriver.scenarios.ReadTablesTest" time="10.835" errors="0" timestamp="07 May 2020 15:00:14 GMT" skipped="0">
  <testcase classname="com.testing.webdriver.scenarios.ReadTablesTest" name="table_Row_Col" time="10.835"/>
</testsuite> <!-- com.testing.webdriver.scenarios.ReadTablesTest -->
