<?xml version="1.0" encoding="UTF-8"?>
<!-- Generated by org.testng.reporters.JUnitReportReporter -->
<testsuite hostname="HIGURL71125" failures="0" tests="1" name="com.testing.webdriver.scenarios.PlayingWithScreenWindowTest" time="17.771" errors="0" timestamp="05 May 2020 10:45:15 GMT" skipped="0">
  <testcase classname="com.testing.webdriver.scenarios.PlayingWithScreenWindowTest" name="playingWithWindoes" time="17.771"/>
</testsuite> <!-- com.testing.webdriver.scenarios.PlayingWithScreenWindowTest -->
