<?xml version="1.0" encoding="UTF-8"?>
<!-- Generated by org.testng.reporters.JUnitReportReporter -->
<testsuite hostname="HIGURL71125" failures="0" tests="1" name="com.testing.webdriver.scenarios.ActionBasicTest" time="5.757" errors="0" timestamp="07 May 2020 15:44:50 GMT" skipped="0">
  <testcase classname="com.testing.webdriver.scenarios.ActionBasicTest" name="testBasicDragAndDrop_Complicated" time="5.757"/>
</testsuite> <!-- com.testing.webdriver.scenarios.ActionBasicTest -->
