<?xml version="1.0" encoding="UTF-8"?>
<!-- Generated by org.testng.reporters.JUnitReportReporter -->
<testsuite hostname="HIGURL71125" failures="0" tests="1" name="com.testing.webdriver.scenarios.TakeScreenshotTest" time="3.354" errors="0" timestamp="07 May 2020 04:37:57 GMT" skipped="0">
  <testcase classname="com.testing.webdriver.scenarios.TakeScreenshotTest" name="testFrames" time="3.354"/>
</testsuite> <!-- com.testing.webdriver.scenarios.TakeScreenshotTest -->
