<?xml version="1.0" encoding="UTF-8"?>
<!-- Generated by org.testng.reporters.JUnitReportReporter -->
<testsuite hostname="HIGURL71125" failures="0" tests="1" name="com.testing.webdriver.scenarios.RunJavaScriptTest" time="9.928" errors="0" timestamp="07 May 2020 04:54:47 GMT" skipped="0">
  <testcase classname="com.testing.webdriver.scenarios.RunJavaScriptTest" name="testRunningOfJavaScript" time="9.928"/>
</testsuite> <!-- com.testing.webdriver.scenarios.RunJavaScriptTest -->
