<?xml version="1.0" encoding="UTF-8"?>
<!-- Generated by org.testng.reporters.JUnitReportReporter -->
<testsuite hostname="HIGURL71125" failures="0" tests="2" name="com.testing.webdriver.scenarios.PlayingWithModelWindowAndWaitsTest" time="2.294" errors="0" timestamp="05 May 2020 16:28:50 GMT" skipped="1">
  <testcase classname="com.testing.webdriver.scenarios.PlayingWithModelWindowAndWaitsTest" name="playingWithModelWindows_explicitWait" time="2.294"/>
  <testcase classname="com.testing.webdriver.scenarios.PlayingWithModelWindowAndWaitsTest" name="playingWithModelWindows_implicitWait">
    <skipped/>
  </testcase> <!-- playingWithModelWindows_implicitWait -->
</testsuite> <!-- com.testing.webdriver.scenarios.PlayingWithModelWindowAndWaitsTest -->
