<?xml version="1.0" encoding="UTF-8"?>
<!-- Generated by org.testng.reporters.JUnitReportReporter -->
<testsuite hostname="HIGURL71125" failures="0" tests="1" name="com.testing.webdriver.scenarios.NewWindowTest" time="5.093" errors="0" timestamp="06 May 2020 16:30:50 GMT" skipped="0">
  <testcase classname="com.testing.webdriver.scenarios.NewWindowTest" name="switchToSecondWindow" time="5.093"/>
</testsuite> <!-- com.testing.webdriver.scenarios.NewWindowTest -->
