<?xml version="1.0" encoding="UTF-8"?>
<!-- Generated by org.testng.reporters.JUnitReportReporter -->
<testsuite hostname="HIGURL71125" failures="0" tests="1" name="com.testing.webdriver.scenarios.JavaScriptAlertTest" time="9.807" errors="0" timestamp="06 May 2020 04:24:24 GMT" skipped="0">
  <testcase classname="com.testing.webdriver.scenarios.JavaScriptAlertTest" name="testForAlert" time="9.807"/>
</testsuite> <!-- com.testing.webdriver.scenarios.JavaScriptAlertTest -->
