<?xml version="1.0" encoding="UTF-8"?>
<!-- Generated by org.testng.reporters.JUnitReportReporter -->
<testsuite hostname="HIGURL71125" failures="0" tests="1" name="com.testing.webdriver.scenarios.CheckElementStylesTest" time="1.220" errors="0" timestamp="05 May 2020 10:17:10 GMT" skipped="0">
  <testcase classname="com.testing.webdriver.scenarios.CheckElementStylesTest" name="exploreWebElementInterface" time="1.220"/>
</testsuite> <!-- com.testing.webdriver.scenarios.CheckElementStylesTest -->
