<?xml version="1.0" encoding="UTF-8"?>
<!-- Generated by org.testng.reporters.JUnitReportReporter -->
<testsuite hostname="HIGURL71125" failures="0" tests="3" name="com.testing.datadriventest.UnSuccessfulLoginDataDrivenLevel1Test" time="18.859" errors="0" timestamp="08 May 2020 12:41:48 GMT" skipped="0">
  <testcase classname="com.testing.datadriventest.UnSuccessfulLoginDataDrivenLevel1Test" name="testUnSuccessfulLoginWithIn28minutes" time="7.344"/>
  <testcase classname="com.testing.datadriventest.UnSuccessfulLoginDataDrivenLevel1Test" name="testUnSuccessfulLoginWithIn28minutes" time="6.017"/>
  <testcase classname="com.testing.datadriventest.UnSuccessfulLoginDataDrivenLevel1Test" name="testUnSuccessfulLoginWithIn28minutes" time="5.498"/>
</testsuite> <!-- com.testing.datadriventest.UnSuccessfulLoginDataDrivenLevel1Test -->
