<?xml version="1.0" encoding="UTF-8"?>
<!-- Generated by org.testng.reporters.JUnitReportReporter -->
<testsuite hostname="HIGURL71125" failures="0" tests="1" name="com.testing.datadriventest.UnSuccessfulLoginBasicTest" time="7.696" errors="0" timestamp="08 May 2020 10:05:11 GMT" skipped="0">
  <testcase classname="com.testing.datadriventest.UnSuccessfulLoginBasicTest" name="testUnSuccessfulLoginWithIn28minutes" time="7.696"/>
</testsuite> <!-- com.testing.datadriventest.UnSuccessfulLoginBasicTest -->
