<?xml version="1.0" encoding="UTF-8"?>
<!-- Generated by org.testng.reporters.JUnitReportReporter -->
<testsuite hostname="HIGURL71125" failures="0" tests="1" name="com.testing.datadriventest.SuccessfulLoginBasicTest" time="10.342" errors="0" timestamp="08 May 2020 10:04:44 GMT" skipped="0">
  <testcase classname="com.testing.datadriventest.SuccessfulLoginBasicTest" name="testLoginWithIn28minutes" time="10.342"/>
</testsuite> <!-- com.testing.datadriventest.SuccessfulLoginBasicTest -->
