<?xml version="1.0" encoding="UTF-8"?>
<!-- Generated by org.testng.reporters.JUnitReportReporter -->
<testsuite hostname="HIGURL71125" failures="0" tests="6" name="com.testing.datadriventest.LoginDataProviderCompleteCsvTest" time="42.698" errors="0" timestamp="09 May 2020 05:33:14 GMT" skipped="0">
  <testcase classname="com.testing.datadriventest.LoginDataProviderCompleteCsvTest" name="testLoginForAllScenarios" time="5.497"/>
  <testcase classname="com.testing.datadriventest.LoginDataProviderCompleteCsvTest" name="testLoginForAllScenarios" time="5.654"/>
  <testcase classname="com.testing.datadriventest.LoginDataProviderCompleteCsvTest" name="testLoginForAllScenarios" time="12.283"/>
  <testcase classname="com.testing.datadriventest.LoginDataProviderCompleteCsvTest" name="testLoginForAllScenarios" time="5.991"/>
  <testcase classname="com.testing.datadriventest.LoginDataProviderCompleteCsvTest" name="testLoginForAllScenarios" time="7.439"/>
  <testcase classname="com.testing.datadriventest.LoginDataProviderCompleteCsvTest" name="testLoginForAllScenarios" time="5.834"/>
</testsuite> <!-- com.testing.datadriventest.LoginDataProviderCompleteCsvTest -->
