<?xml version="1.0" encoding="UTF-8"?>
<!-- Generated by org.testng.reporters.JUnitReportReporter -->
<testsuite hostname="HIGURL71125" failures="0" tests="3" name="com.testing.datadriventest.UnSuccessfulLoginDataDrivenBasicTest" time="21.989" errors="0" timestamp="08 May 2020 12:33:44 GMT" skipped="0">
  <testcase classname="com.testing.datadriventest.UnSuccessfulLoginDataDrivenBasicTest" name="testUnSuccessfulLoginWithIn28minutes" time="9.668"/>
  <testcase classname="com.testing.datadriventest.UnSuccessfulLoginDataDrivenBasicTest" name="testUnSuccessfulLoginWithIn28minutes" time="6.178"/>
  <testcase classname="com.testing.datadriventest.UnSuccessfulLoginDataDrivenBasicTest" name="testUnSuccessfulLoginWithIn28minutes" time="6.143"/>
</testsuite> <!-- com.testing.datadriventest.UnSuccessfulLoginDataDrivenBasicTest -->
