<?xml version="1.0" encoding="UTF-8"?>
<!-- Generated by org.testng.reporters.JUnitReportReporter -->
<testsuite hostname="HIGURL71125" failures="0" tests="5" name="com.testing.datadriventest.LoginDataProviderCompleteTest" time="33.560" errors="0" timestamp="08 May 2020 15:22:36 GMT" skipped="0">
  <testcase classname="com.testing.datadriventest.LoginDataProviderCompleteTest" name="testLoginForAllScenarios" time="7.034"/>
  <testcase classname="com.testing.datadriventest.LoginDataProviderCompleteTest" name="testLoginForAllScenarios" time="6.704"/>
  <testcase classname="com.testing.datadriventest.LoginDataProviderCompleteTest" name="testLoginForAllScenarios" time="5.642"/>
  <testcase classname="com.testing.datadriventest.LoginDataProviderCompleteTest" name="testLoginForAllScenarios" time="6.611"/>
  <testcase classname="com.testing.datadriventest.LoginDataProviderCompleteTest" name="testLoginForAllScenarios" time="7.569"/>
</testsuite> <!-- com.testing.datadriventest.LoginDataProviderCompleteTest -->
