<?xml version="1.0" encoding="UTF-8"?>
<!-- Generated by org.testng.reporters.JUnitReportReporter -->
<testsuite hostname="HIGURL71125" failures="0" tests="1" name="com.testing.pageobjects.updatetodo.UpdateToDoBasicTest" time="1.970" errors="0" timestamp="10 May 2020 07:21:29 GMT" skipped="0">
  <testcase classname="com.testing.pageobjects.updatetodo.UpdateToDoBasicTest" name="updateToDo" time="1.970"/>
</testsuite> <!-- com.testing.pageobjects.updatetodo.UpdateToDoBasicTest -->
