<?xml version="1.0" encoding="UTF-8"?>
<!-- Generated by org.testng.reporters.JUnitReportReporter -->
<testsuite hostname="HIGURL71125" failures="0" tests="1" name="com.testing.SeleniumStandAloneTest" time="25.207" errors="0" timestamp="10 May 2020 11:57:17 GMT" skipped="0">
  <testcase classname="com.testing.SeleniumStandAloneTest" name="standalone" time="25.207"/>
</testsuite> <!-- com.testing.SeleniumStandAloneTest -->
