<?xml version="1.0" encoding="UTF-8"?>
<!-- Generated by org.testng.reporters.JUnitReportReporter -->
<testsuite hostname="HIGURL71125" failures="0" tests="4" name="com.testing.SeleniumStandAloneTest" time="94.415" errors="0" timestamp="10 May 2020 16:00:19 GMT" skipped="0">
  <testcase classname="com.testing.SeleniumStandAloneTest" name="hub" time="24.437"/>
  <testcase classname="com.testing.SeleniumStandAloneTest" name="hub" time="24.957"/>
  <testcase classname="com.testing.SeleniumStandAloneTest" name="hub" time="22.147"/>
  <testcase classname="com.testing.SeleniumStandAloneTest" name="hub" time="22.874"/>
</testsuite> <!-- com.testing.SeleniumStandAloneTest -->
