<?xml version="1.0" encoding="UTF-8"?>
<!-- Generated by org.testng.reporters.JUnitReportReporter -->
<testsuite hostname="HIGURL71125" failures="0" tests="2" name="FirstSeleniumJUnitTest" time="2.261" errors="0" timestamp="28 Apr 2020 16:15:29 GMT" skipped="1">
  <testcase classname="FirstSeleniumJUnitTest" name="testGoogleDotCom" time="2.261"/>
  <testcase classname="FirstSeleniumJUnitTest" name="testFacebookDotCom">
    <skipped/>
  </testcase> <!-- testFacebookDotCom -->
</testsuite> <!-- FirstSeleniumJUnitTest -->
