<?xml version="1.0" encoding="UTF-8"?>
<!-- Generated by org.testng.reporters.JUnitReportReporter -->
<testsuite hostname="HIGURL71125" failures="0" tests="1" name="com.example.tests.UntitledTestCase" time="9.963" errors="0" timestamp="28 Apr 2020 17:18:43 GMT" skipped="0">
  <testcase classname="com.example.tests.UntitledTestCase" name="testUntitledTestCase" time="9.963"/>
</testsuite> <!-- com.example.tests.UntitledTestCase -->
